<?xml version="1.0" encoding="UTF-8"?>
<!-- Generated by org.testng.reporters.JUnitReportReporter -->
<testsuite skipped="0" hostname="RIDVANs-MacBook-Pro.local" name="SeleniumTopics.DropDowns.Task3" tests="1" failures="0" timestamp="2020-06-28T22:58:34 CDT" time="1.017" errors="0">
  <testcase name="Task3" time="1.017" classname="SeleniumTopics.DropDowns.Task3"/>
  <system-out/>
</testsuite> <!-- SeleniumTopics.DropDowns.Task3 -->
