<?xml version="1.0" encoding="UTF-8"?>
<!-- Generated by org.testng.reporters.JUnitReportReporter -->
<testsuite skipped="0" hostname="RIDVANs-MacBook-Pro.local" name="TestNG.WebDriverClassTest" tests="1" failures="0" timestamp="2020-06-22T03:08:26 CDT" time="4.884" errors="0">
  <testcase name="verifySearchButton" time="4.884" classname="TestNG.WebDriverClassTest"/>
  <system-out/>
</testsuite> <!-- TestNG.WebDriverClassTest -->
