<?xml version="1.0" encoding="UTF-8"?>
<!-- Generated by org.testng.reporters.JUnitReportReporter -->
<testsuite skipped="0" hostname="RIDVANs-MacBook-Pro.local" name="TestNG.TestPage" tests="1" failures="0" timestamp="2020-07-01T03:08:21 CDT" time="3.397" errors="0">
  <testcase name="titleTest" time="3.397" classname="TestNG.TestPage"/>
  <system-out/>
</testsuite> <!-- TestNG.TestPage -->
