<?xml version="1.0" encoding="UTF-8"?>
<!-- Generated by org.testng.reporters.JUnitReportReporter -->
<testsuite skipped="0" hostname="RIDVANs-MacBook-Pro.local" name="Maven.MavenTest" tests="2" failures="0" timestamp="2020-07-01T03:08:21 CDT" time="0.000" errors="0">
  <testcase name="elementsUI" time="0.000" classname="Maven.MavenTest"/>
  <system-out/>
  <testcase name="BrowserAutomation" time="0.000" classname="Maven.MavenTest"/>
  <system-out/>
</testsuite> <!-- Maven.MavenTest -->
