<?xml version="1.0" encoding="UTF-8"?>
<!-- Generated by org.testng.reporters.JUnitReportReporter -->
<testsuite skipped="0" hostname="RIDVANs-MacBook-Pro.local" name="SeleniumTopics.DropDowns.Task1" tests="1" failures="0" timestamp="2020-06-28T22:58:34 CDT" time="0.261" errors="0">
  <testcase name="Task1" time="0.261" classname="SeleniumTopics.DropDowns.Task1"/>
  <system-out/>
</testsuite> <!-- SeleniumTopics.DropDowns.Task1 -->
