<?xml version="1.0" encoding="UTF-8"?>
<!-- Generated by org.testng.reporters.JUnitReportReporter -->
<testsuite hostname="RIDVANs-MacBook-Pro.local" failures="0" tests="2" name="TestNG.Practice_Test" time="0.001" errors="0" timestamp="2020-06-21T23:22:05 CDT" skipped="0">
  <testcase classname="TestNG.Practice_Test" name="firstTest1" time="0.001"/>
  <system-out/>
  <testcase classname="TestNG.Practice_Test" name="SecondTest2" time="0.000"/>
  <system-out/>
</testsuite> <!-- TestNG.Practice_Test -->
