<?xml version="1.0" encoding="UTF-8"?>
<!-- Generated by org.testng.reporters.JUnitReportReporter -->
<testsuite skipped="0" hostname="RIDVANs-MacBook-Pro.local" name="Maven.MavenSecondTest" tests="3" failures="0" timestamp="2020-06-22T03:08:26 CDT" time="0.021" errors="0">
  <testcase name="dummyTestThree" time="0.000" classname="Maven.MavenSecondTest"/>
  <system-out/>
  <testcase name="dummyTestTwo" time="0.000" classname="Maven.MavenSecondTest"/>
  <system-out/>
  <testcase name="dummyTestOne" time="0.021" classname="Maven.MavenSecondTest"/>
  <system-out/>
</testsuite> <!-- Maven.MavenSecondTest -->
