<?xml version="1.0" encoding="UTF-8"?>
<!-- Generated by org.testng.reporters.JUnitReportReporter -->
<testsuite skipped="0" hostname="RIDVANs-MacBook-Pro.local" name="TestNG.TestPage" tests="1" failures="0" timestamp="2020-06-22T03:08:26 CDT" time="4.082" errors="0">
  <testcase name="titleTest" time="4.082" classname="TestNG.TestPage"/>
  <system-out/>
</testsuite> <!-- TestNG.TestPage -->
