<?xml version="1.0" encoding="UTF-8"?>
<!-- Generated by org.testng.reporters.JUnitReportReporter -->
<testsuite skipped="0" hostname="RIDVANs-MacBook-Pro.local" name="TestNG.Practice" tests="2" failures="0" timestamp="2020-07-01T03:08:21 CDT" time="0.003" errors="0">
  <testcase name="SecondTest2" time="0.002" classname="TestNG.Practice"/>
  <system-out/>
  <testcase name="firstTest1" time="0.001" classname="TestNG.Practice"/>
  <system-out/>
</testsuite> <!-- TestNG.Practice -->
