<?xml version="1.0" encoding="UTF-8"?>
<!-- Generated by org.testng.reporters.JUnitReportReporter -->
<testsuite skipped="0" hostname="RIDVANs-MacBook-Pro.local" name="SeleniumTopics.DropDowns.Task4" tests="1" failures="0" timestamp="2020-06-22T22:58:54 CDT" time="1.408" errors="0">
  <testcase name="Task4" time="1.408" classname="SeleniumTopics.DropDowns.Task4"/>
  <system-out/>
</testsuite> <!-- SeleniumTopics.DropDowns.Task4 -->
