<?xml version="1.0" encoding="UTF-8"?>
<testsuite xmlns:xsi="http://www.w3.org/2001/XMLSchema-instance" xsi:noNamespaceSchemaLocation="https://maven.apache.org/surefire/maven-surefire-plugin/xsd/surefire-test-report-3.0.xsd" version="3.0" name="TestSuite" time="17.022" tests="9" errors="0" skipped="0" failures="0">
  <properties>
    <property name="gopherProxySet" value="false"/>
    <property name="awt.toolkit" value="sun.lwawt.macosx.LWCToolkit"/>
    <property name="file.encoding.pkg" value="sun.io"/>
    <property name="java.specification.version" value="1.8"/>
    <property name="webdriver.chrome.driver" value="/Users/ridvangunduz/.m2/repository/webdriver/chromedriver/mac64/83.0.4103.39/chromedriver"/>
    <property name="sun.cpu.isalist" value=""/>
    <property name="sun.jnu.encoding" value="UTF-8"/>
    <property name="java.class.path" value="/Users/ridvangunduz/IdeaProjects/SeleniumPracticeTest/SeleniumPractice/target/test-classes:/Users/ridvangunduz/IdeaProjects/SeleniumPracticeTest/SeleniumPractice/target/classes:/Users/ridvangunduz/.m2/repository/io/github/bonigarcia/webdrivermanager/3.7.1/webdrivermanager-3.7.1.jar:/Users/ridvangunduz/.m2/repository/org/slf4j/slf4j-api/1.7.25/slf4j-api-1.7.25.jar:/Users/ridvangunduz/.m2/repository/commons-io/commons-io/2.6/commons-io-2.6.jar:/Users/ridvangunduz/.m2/repository/com/google/code/gson/gson/2.8.5/gson-2.8.5.jar:/Users/ridvangunduz/.m2/repository/org/apache/commons/commons-lang3/3.8.1/commons-lang3-3.8.1.jar:/Users/ridvangunduz/.m2/repository/org/apache/httpcomponents/httpclient/4.5.6/httpclient-4.5.6.jar:/Users/ridvangunduz/.m2/repository/org/apache/httpcomponents/httpcore/4.4.10/httpcore-4.4.10.jar:/Users/ridvangunduz/.m2/repository/commons-logging/commons-logging/1.2/commons-logging-1.2.jar:/Users/ridvangunduz/.m2/repository/org/rauschig/jarchivelib/1.0.0/jarchivelib-1.0.0.jar:/Users/ridvangunduz/.m2/repository/org/jsoup/jsoup/1.11.3/jsoup-1.11.3.jar:/Users/ridvangunduz/.m2/repository/org/seleniumhq/selenium/selenium-java/3.141.59/selenium-java-3.141.59.jar:/Users/ridvangunduz/.m2/repository/org/seleniumhq/selenium/selenium-api/3.141.59/selenium-api-3.141.59.jar:/Users/ridvangunduz/.m2/repository/org/seleniumhq/selenium/selenium-chrome-driver/3.141.59/selenium-chrome-driver-3.141.59.jar:/Users/ridvangunduz/.m2/repository/org/seleniumhq/selenium/selenium-edge-driver/3.141.59/selenium-edge-driver-3.141.59.jar:/Users/ridvangunduz/.m2/repository/org/seleniumhq/selenium/selenium-firefox-driver/3.141.59/selenium-firefox-driver-3.141.59.jar:/Users/ridvangunduz/.m2/repository/org/seleniumhq/selenium/selenium-ie-driver/3.141.59/selenium-ie-driver-3.141.59.jar:/Users/ridvangunduz/.m2/repository/org/seleniumhq/selenium/selenium-opera-driver/3.141.59/selenium-opera-driver-3.141.59.jar:/Users/ridvangunduz/.m2/repository/org/seleniumhq/selenium/selenium-remote-driver/3.141.59/selenium-remote-driver-3.141.59.jar:/Users/ridvangunduz/.m2/repository/org/seleniumhq/selenium/selenium-safari-driver/3.141.59/selenium-safari-driver-3.141.59.jar:/Users/ridvangunduz/.m2/repository/org/seleniumhq/selenium/selenium-support/3.141.59/selenium-support-3.141.59.jar:/Users/ridvangunduz/.m2/repository/net/bytebuddy/byte-buddy/1.8.15/byte-buddy-1.8.15.jar:/Users/ridvangunduz/.m2/repository/org/apache/commons/commons-exec/1.3/commons-exec-1.3.jar:/Users/ridvangunduz/.m2/repository/com/google/guava/guava/25.0-jre/guava-25.0-jre.jar:/Users/ridvangunduz/.m2/repository/com/google/code/findbugs/jsr305/1.3.9/jsr305-1.3.9.jar:/Users/ridvangunduz/.m2/repository/org/checkerframework/checker-compat-qual/2.0.0/checker-compat-qual-2.0.0.jar:/Users/ridvangunduz/.m2/repository/com/google/errorprone/error_prone_annotations/2.1.3/error_prone_annotations-2.1.3.jar:/Users/ridvangunduz/.m2/repository/com/google/j2objc/j2objc-annotations/1.1/j2objc-annotations-1.1.jar:/Users/ridvangunduz/.m2/repository/org/codehaus/mojo/animal-sniffer-annotations/1.14/animal-sniffer-annotations-1.14.jar:/Users/ridvangunduz/.m2/repository/com/squareup/okhttp3/okhttp/3.11.0/okhttp-3.11.0.jar:/Users/ridvangunduz/.m2/repository/com/squareup/okio/okio/1.14.0/okio-1.14.0.jar:/Users/ridvangunduz/.m2/repository/org/testng/testng/7.1.0/testng-7.1.0.jar:/Users/ridvangunduz/.m2/repository/com/beust/jcommander/1.72/jcommander-1.72.jar:/Users/ridvangunduz/.m2/repository/com/google/inject/guice/4.1.0/guice-4.1.0-no_aop.jar:/Users/ridvangunduz/.m2/repository/javax/inject/javax.inject/1/javax.inject-1.jar:/Users/ridvangunduz/.m2/repository/aopalliance/aopalliance/1.0/aopalliance-1.0.jar:/Users/ridvangunduz/.m2/repository/org/yaml/snakeyaml/1.21/snakeyaml-1.21.jar:/Users/ridvangunduz/.m2/repository/com/aventstack/extentreports/4.1.6/extentreports-4.1.6.jar:/Users/ridvangunduz/.m2/repository/org/freemarker/freemarker/2.3.29/freemarker-2.3.29.jar:/Users/ridvangunduz/.m2/repository/org/apache/httpcomponents/httpmime/4.5.2/httpmime-4.5.2.jar:/Users/ridvangunduz/.m2/repository/org/mongodb/mongodb-driver/3.12.0/mongodb-driver-3.12.0.jar:/Users/ridvangunduz/.m2/repository/org/mongodb/mongodb-driver-core/3.12.0/mongodb-driver-core-3.12.0.jar:/Users/ridvangunduz/.m2/repository/org/mongodb/bson/3.12.0/bson-3.12.0.jar:/Users/ridvangunduz/.m2/repository/org/apache/poi/poi-ooxml/4.1.2/poi-ooxml-4.1.2.jar:/Users/ridvangunduz/.m2/repository/org/apache/poi/poi-ooxml-schemas/4.1.2/poi-ooxml-schemas-4.1.2.jar:/Users/ridvangunduz/.m2/repository/org/apache/xmlbeans/xmlbeans/3.1.0/xmlbeans-3.1.0.jar:/Users/ridvangunduz/.m2/repository/org/apache/commons/commons-compress/1.19/commons-compress-1.19.jar:/Users/ridvangunduz/.m2/repository/com/github/virtuald/curvesapi/1.06/curvesapi-1.06.jar:/Users/ridvangunduz/.m2/repository/org/apache/poi/poi/4.1.2/poi-4.1.2.jar:/Users/ridvangunduz/.m2/repository/commons-codec/commons-codec/1.13/commons-codec-1.13.jar:/Users/ridvangunduz/.m2/repository/org/apache/commons/commons-collections4/4.4/commons-collections4-4.4.jar:/Users/ridvangunduz/.m2/repository/org/apache/commons/commons-math3/3.6.1/commons-math3-3.6.1.jar:/Users/ridvangunduz/.m2/repository/com/zaxxer/SparseBitSet/1.2/SparseBitSet-1.2.jar:/Users/ridvangunduz/.m2/repository/org/apache/logging/log4j/log4j-api/2.13.3/log4j-api-2.13.3.jar:/Users/ridvangunduz/.m2/repository/org/apache/logging/log4j/log4j-core/2.13.3/log4j-core-2.13.3.jar:/Users/ridvangunduz/.m2/repository/com/github/javafaker/javafaker/1.0.2/javafaker-1.0.2.jar:/Users/ridvangunduz/.m2/repository/org/yaml/snakeyaml/1.23/snakeyaml-1.23-android.jar:/Users/ridvangunduz/.m2/repository/com/github/mifmif/generex/1.0.2/generex-1.0.2.jar:/Users/ridvangunduz/.m2/repository/dk/brics/automaton/automaton/1.11-8/automaton-1.11-8.jar:"/>
    <property name="java.vm.vendor" value="Oracle Corporation"/>
    <property name="sun.arch.data.model" value="64"/>
    <property name="java.vendor.url" value="http://java.oracle.com/"/>
    <property name="user.timezone" value="America/Chicago"/>
    <property name="java.vm.specification.version" value="1.8"/>
    <property name="os.name" value="Mac OS X"/>
    <property name="user.country" value="US"/>
    <property name="sun.java.launcher" value="SUN_STANDARD"/>
    <property name="sun.boot.library.path" value="/Users/ridvangunduz/.jenkins/tools/hudson.model.JDK/jre/lib"/>
    <property name="sun.java.command" value="/Users/ridvangunduz/IdeaProjects/SeleniumPracticeTest/SeleniumPractice/target/surefire/surefirebooter2499386911354608951.jar /Users/ridvangunduz/IdeaProjects/SeleniumPracticeTest/SeleniumPractice/target/surefire 2020-07-01T03-08-03_536-jvmRun1 surefire5732464097467761730tmp surefire_05165086087082396906tmp"/>
    <property name="http.nonProxyHosts" value="local|*.local|169.254/16|*.169.254/16"/>
    <property name="surefire.test.class.path" value="/Users/ridvangunduz/IdeaProjects/SeleniumPracticeTest/SeleniumPractice/target/test-classes:/Users/ridvangunduz/IdeaProjects/SeleniumPracticeTest/SeleniumPractice/target/classes:/Users/ridvangunduz/.m2/repository/io/github/bonigarcia/webdrivermanager/3.7.1/webdrivermanager-3.7.1.jar:/Users/ridvangunduz/.m2/repository/org/slf4j/slf4j-api/1.7.25/slf4j-api-1.7.25.jar:/Users/ridvangunduz/.m2/repository/commons-io/commons-io/2.6/commons-io-2.6.jar:/Users/ridvangunduz/.m2/repository/com/google/code/gson/gson/2.8.5/gson-2.8.5.jar:/Users/ridvangunduz/.m2/repository/org/apache/commons/commons-lang3/3.8.1/commons-lang3-3.8.1.jar:/Users/ridvangunduz/.m2/repository/org/apache/httpcomponents/httpclient/4.5.6/httpclient-4.5.6.jar:/Users/ridvangunduz/.m2/repository/org/apache/httpcomponents/httpcore/4.4.10/httpcore-4.4.10.jar:/Users/ridvangunduz/.m2/repository/commons-logging/commons-logging/1.2/commons-logging-1.2.jar:/Users/ridvangunduz/.m2/repository/org/rauschig/jarchivelib/1.0.0/jarchivelib-1.0.0.jar:/Users/ridvangunduz/.m2/repository/org/jsoup/jsoup/1.11.3/jsoup-1.11.3.jar:/Users/ridvangunduz/.m2/repository/org/seleniumhq/selenium/selenium-java/3.141.59/selenium-java-3.141.59.jar:/Users/ridvangunduz/.m2/repository/org/seleniumhq/selenium/selenium-api/3.141.59/selenium-api-3.141.59.jar:/Users/ridvangunduz/.m2/repository/org/seleniumhq/selenium/selenium-chrome-driver/3.141.59/selenium-chrome-driver-3.141.59.jar:/Users/ridvangunduz/.m2/repository/org/seleniumhq/selenium/selenium-edge-driver/3.141.59/selenium-edge-driver-3.141.59.jar:/Users/ridvangunduz/.m2/repository/org/seleniumhq/selenium/selenium-firefox-driver/3.141.59/selenium-firefox-driver-3.141.59.jar:/Users/ridvangunduz/.m2/repository/org/seleniumhq/selenium/selenium-ie-driver/3.141.59/selenium-ie-driver-3.141.59.jar:/Users/ridvangunduz/.m2/repository/org/seleniumhq/selenium/selenium-opera-driver/3.141.59/selenium-opera-driver-3.141.59.jar:/Users/ridvangunduz/.m2/repository/org/seleniumhq/selenium/selenium-remote-driver/3.141.59/selenium-remote-driver-3.141.59.jar:/Users/ridvangunduz/.m2/repository/org/seleniumhq/selenium/selenium-safari-driver/3.141.59/selenium-safari-driver-3.141.59.jar:/Users/ridvangunduz/.m2/repository/org/seleniumhq/selenium/selenium-support/3.141.59/selenium-support-3.141.59.jar:/Users/ridvangunduz/.m2/repository/net/bytebuddy/byte-buddy/1.8.15/byte-buddy-1.8.15.jar:/Users/ridvangunduz/.m2/repository/org/apache/commons/commons-exec/1.3/commons-exec-1.3.jar:/Users/ridvangunduz/.m2/repository/com/google/guava/guava/25.0-jre/guava-25.0-jre.jar:/Users/ridvangunduz/.m2/repository/com/google/code/findbugs/jsr305/1.3.9/jsr305-1.3.9.jar:/Users/ridvangunduz/.m2/repository/org/checkerframework/checker-compat-qual/2.0.0/checker-compat-qual-2.0.0.jar:/Users/ridvangunduz/.m2/repository/com/google/errorprone/error_prone_annotations/2.1.3/error_prone_annotations-2.1.3.jar:/Users/ridvangunduz/.m2/repository/com/google/j2objc/j2objc-annotations/1.1/j2objc-annotations-1.1.jar:/Users/ridvangunduz/.m2/repository/org/codehaus/mojo/animal-sniffer-annotations/1.14/animal-sniffer-annotations-1.14.jar:/Users/ridvangunduz/.m2/repository/com/squareup/okhttp3/okhttp/3.11.0/okhttp-3.11.0.jar:/Users/ridvangunduz/.m2/repository/com/squareup/okio/okio/1.14.0/okio-1.14.0.jar:/Users/ridvangunduz/.m2/repository/org/testng/testng/7.1.0/testng-7.1.0.jar:/Users/ridvangunduz/.m2/repository/com/beust/jcommander/1.72/jcommander-1.72.jar:/Users/ridvangunduz/.m2/repository/com/google/inject/guice/4.1.0/guice-4.1.0-no_aop.jar:/Users/ridvangunduz/.m2/repository/javax/inject/javax.inject/1/javax.inject-1.jar:/Users/ridvangunduz/.m2/repository/aopalliance/aopalliance/1.0/aopalliance-1.0.jar:/Users/ridvangunduz/.m2/repository/org/yaml/snakeyaml/1.21/snakeyaml-1.21.jar:/Users/ridvangunduz/.m2/repository/com/aventstack/extentreports/4.1.6/extentreports-4.1.6.jar:/Users/ridvangunduz/.m2/repository/org/freemarker/freemarker/2.3.29/freemarker-2.3.29.jar:/Users/ridvangunduz/.m2/repository/org/apache/httpcomponents/httpmime/4.5.2/httpmime-4.5.2.jar:/Users/ridvangunduz/.m2/repository/org/mongodb/mongodb-driver/3.12.0/mongodb-driver-3.12.0.jar:/Users/ridvangunduz/.m2/repository/org/mongodb/mongodb-driver-core/3.12.0/mongodb-driver-core-3.12.0.jar:/Users/ridvangunduz/.m2/repository/org/mongodb/bson/3.12.0/bson-3.12.0.jar:/Users/ridvangunduz/.m2/repository/org/apache/poi/poi-ooxml/4.1.2/poi-ooxml-4.1.2.jar:/Users/ridvangunduz/.m2/repository/org/apache/poi/poi-ooxml-schemas/4.1.2/poi-ooxml-schemas-4.1.2.jar:/Users/ridvangunduz/.m2/repository/org/apache/xmlbeans/xmlbeans/3.1.0/xmlbeans-3.1.0.jar:/Users/ridvangunduz/.m2/repository/org/apache/commons/commons-compress/1.19/commons-compress-1.19.jar:/Users/ridvangunduz/.m2/repository/com/github/virtuald/curvesapi/1.06/curvesapi-1.06.jar:/Users/ridvangunduz/.m2/repository/org/apache/poi/poi/4.1.2/poi-4.1.2.jar:/Users/ridvangunduz/.m2/repository/commons-codec/commons-codec/1.13/commons-codec-1.13.jar:/Users/ridvangunduz/.m2/repository/org/apache/commons/commons-collections4/4.4/commons-collections4-4.4.jar:/Users/ridvangunduz/.m2/repository/org/apache/commons/commons-math3/3.6.1/commons-math3-3.6.1.jar:/Users/ridvangunduz/.m2/repository/com/zaxxer/SparseBitSet/1.2/SparseBitSet-1.2.jar:/Users/ridvangunduz/.m2/repository/org/apache/logging/log4j/log4j-api/2.13.3/log4j-api-2.13.3.jar:/Users/ridvangunduz/.m2/repository/org/apache/logging/log4j/log4j-core/2.13.3/log4j-core-2.13.3.jar:/Users/ridvangunduz/.m2/repository/com/github/javafaker/javafaker/1.0.2/javafaker-1.0.2.jar:/Users/ridvangunduz/.m2/repository/org/yaml/snakeyaml/1.23/snakeyaml-1.23-android.jar:/Users/ridvangunduz/.m2/repository/com/github/mifmif/generex/1.0.2/generex-1.0.2.jar:/Users/ridvangunduz/.m2/repository/dk/brics/automaton/automaton/1.11-8/automaton-1.11-8.jar:"/>
    <property name="sun.cpu.endian" value="little"/>
    <property name="user.home" value="/Users/ridvangunduz"/>
    <property name="user.language" value="en"/>
    <property name="java.specification.vendor" value="Oracle Corporation"/>
    <property name="java.home" value="/Users/ridvangunduz/.jenkins/tools/hudson.model.JDK/jre"/>
    <property name="basedir" value="/Users/ridvangunduz/IdeaProjects/SeleniumPracticeTest/SeleniumPractice"/>
    <property name="file.separator" value="/"/>
    <property name="line.separator" value="&#10;"/>
    <property name="java.vm.specification.vendor" value="Oracle Corporation"/>
    <property name="java.specification.name" value="Java Platform API Specification"/>
    <property name="java.awt.graphicsenv" value="sun.awt.CGraphicsEnvironment"/>
    <property name="surefire.real.class.path" value="/Users/ridvangunduz/IdeaProjects/SeleniumPracticeTest/SeleniumPractice/target/surefire/surefirebooter2499386911354608951.jar"/>
    <property name="sun.boot.class.path" value="/Users/ridvangunduz/.jenkins/tools/hudson.model.JDK/jre/lib/resources.jar:/Users/ridvangunduz/.jenkins/tools/hudson.model.JDK/jre/lib/rt.jar:/Users/ridvangunduz/.jenkins/tools/hudson.model.JDK/jre/lib/sunrsasign.jar:/Users/ridvangunduz/.jenkins/tools/hudson.model.JDK/jre/lib/jsse.jar:/Users/ridvangunduz/.jenkins/tools/hudson.model.JDK/jre/lib/jce.jar:/Users/ridvangunduz/.jenkins/tools/hudson.model.JDK/jre/lib/charsets.jar:/Users/ridvangunduz/.jenkins/tools/hudson.model.JDK/jre/lib/jfr.jar:/Users/ridvangunduz/.jenkins/tools/hudson.model.JDK/jre/classes"/>
    <property name="sun.management.compiler" value="HotSpot 64-Bit Tiered Compilers"/>
    <property name="ftp.nonProxyHosts" value="local|*.local|169.254/16|*.169.254/16"/>
    <property name="java.runtime.version" value="1.8.0_221-b11"/>
    <property name="user.name" value="ridvangunduz"/>
    <property name="path.separator" value=":"/>
    <property name="os.version" value="10.15.5"/>
    <property name="java.endorsed.dirs" value="/Users/ridvangunduz/.jenkins/tools/hudson.model.JDK/jre/lib/endorsed"/>
    <property name="java.runtime.name" value="Java(TM) SE Runtime Environment"/>
    <property name="file.encoding" value="UTF-8"/>
    <property name="java.vm.name" value="Java HotSpot(TM) 64-Bit Server VM"/>
    <property name="localRepository" value="/Users/ridvangunduz/.m2/repository"/>
    <property name="java.vendor.url.bug" value="http://bugreport.sun.com/bugreport/"/>
    <property name="java.io.tmpdir" value="/var/folders/np/g5zm82fd5xq7htbp6_v3wb1c0000gn/T/"/>
    <property name="java.version" value="1.8.0_221"/>
    <property name="user.dir" value="/Users/ridvangunduz/IdeaProjects/SeleniumPracticeTest/SeleniumPractice"/>
    <property name="os.arch" value="x86_64"/>
    <property name="webdriver.gecko.driver" value="/Users/ridvangunduz/.m2/repository/webdriver/geckodriver/macos/0.26.0/geckodriver"/>
    <property name="java.vm.specification.name" value="Java Virtual Machine Specification"/>
    <property name="java.awt.printerjob" value="sun.lwawt.macosx.CPrinterJob"/>
    <property name="sun.os.patch.level" value="unknown"/>
    <property name="java.library.path" value="/Users/ridvangunduz/Library/Java/Extensions:/Library/Java/Extensions:/Network/Library/Java/Extensions:/System/Library/Java/Extensions:/usr/lib/java:."/>
    <property name="java.vm.info" value="mixed mode"/>
    <property name="java.vendor" value="Oracle Corporation"/>
    <property name="java.vm.version" value="25.221-b11"/>
    <property name="java.ext.dirs" value="/Users/ridvangunduz/Library/Java/Extensions:/Users/ridvangunduz/.jenkins/tools/hudson.model.JDK/jre/lib/ext:/Library/Java/Extensions:/Network/Library/Java/Extensions:/System/Library/Java/Extensions:/usr/lib/java"/>
    <property name="sun.io.unicode.encoding" value="UnicodeBig"/>
    <property name="java.class.version" value="52.0"/>
    <property name="socksNonProxyHosts" value="local|*.local|169.254/16|*.169.254/16"/>
  </properties>
  <testcase name="dummyTestOne" classname="Maven.MavenSecondTest" time="0.007">
    <system-out><![CDATA[Dummy Test 1
]]></system-out>
    <system-err><![CDATA[SLF4J: Failed to load class "org.slf4j.impl.StaticLoggerBinder".
SLF4J: Defaulting to no-operation (NOP) logger implementation
SLF4J: See http://www.slf4j.org/codes.html#StaticLoggerBinder for further details.
Starting ChromeDriver 83.0.4103.39 (ccbf011cb2d2b19b506d844400483861342c20cd-refs/branch-heads/4103@{#416}) on port 45174
Only local connections are allowed.
Please see https://chromedriver.chromium.org/security-considerations for suggestions on keeping ChromeDriver safe.
ChromeDriver was started successfully.
Jul 01, 2020 3:08:08 AM org.openqa.selenium.remote.ProtocolHandshake createSession
INFO: Detected dialect: W3C
]]></system-err>
  </testcase>
  <testcase name="dummyTestTwo" classname="Maven.MavenSecondTest" time="0">
    <system-out><![CDATA[Dummy Test 2
]]></system-out>
  </testcase>
  <testcase name="dummyTestThree" classname="Maven.MavenSecondTest" time="0.001">
    <system-out><![CDATA[Dummy Test 3
]]></system-out>
  </testcase>
  <testcase name="BrowserAutomation" classname="Maven.MavenTest" time="0.001">
    <system-out><![CDATA[Browser Automation
]]></system-out>
  </testcase>
  <testcase name="elementsUI" classname="Maven.MavenTest" time="0.001">
    <system-out><![CDATA[Elements UI
]]></system-out>
  </testcase>
  <testcase name="firstTest1" classname="TestNG.Practice" time="0">
    <system-out><![CDATA[Test1 is running
]]></system-out>
  </testcase>
  <testcase name="SecondTest2" classname="TestNG.Practice" time="0.002">
    <system-out><![CDATA[Test2 is running
]]></system-out>
  </testcase>
  <testcase name="titleTest" classname="TestNG.TestPage" time="3.406">
    <system-err><![CDATA[Starting ChromeDriver 83.0.4103.39 (ccbf011cb2d2b19b506d844400483861342c20cd-refs/branch-heads/4103@{#416}) on port 1997
Only local connections are allowed.
Please see https://chromedriver.chromium.org/security-considerations for suggestions on keeping ChromeDriver safe.
ChromeDriver was started successfully.
Jul 01, 2020 3:08:09 AM org.openqa.selenium.remote.ProtocolHandshake createSession
INFO: Detected dialect: W3C
]]></system-err>
  </testcase>
  <testcase name="verifySearchButton" classname="TestNG.WebDriverClassTest" time="3.856">
    <system-err><![CDATA[1593590894473	mozrunner::runner	INFO	Running command: "/Applications/Firefox.app/Contents/MacOS/firefox-bin" "-marionette" "-foreground" "-no-remote" "-profile" "/var/folders/np/g5zm82fd5xq7htbp6_v3wb1c0000gn/T/rust_mozprofilev41Nm9"
1593590897431	Marionette	INFO	Listening on port 54619
1593590897468	Marionette	WARN	TLS certificate errors will be ignored for this session
Jul 01, 2020 3:08:17 AM org.openqa.selenium.remote.ProtocolHandshake createSession
INFO: Detected dialect: W3C
1593590898938	Marionette	INFO	Stopped listening on port 54619
]]></system-err>
  </testcase>
</testsuite>